PLUMED: PLUMED is starting
PLUMED: Version: 2.7.0-dev (git: 9e61d9a-dirty) compiled on Apr 29 2020 at 10:24:05
PLUMED: Please cite these papers when using PLUMED [1][2]
PLUMED: For further information see the PLUMED web page at http://www.plumed.org
PLUMED: Root: /home/ppiaggi/Programs/Software-deepmd-kit-1.0/plumed2-install/lib/plumed
PLUMED: For installed feature, see /home/ppiaggi/Programs/Software-deepmd-kit-1.0/plumed2-install/lib/plumed/src/config/config.txt
PLUMED: Molecular dynamics engine: LAMMPS
PLUMED: Precision of reals: 8
PLUMED: Running over 1 node
PLUMED: Number of threads: 7
PLUMED: Cache line size: 512
PLUMED: Number of atoms: 864
PLUMED: File suffix: 
PLUMED: FILE: plumed.dat
PLUMED: Action Q6
PLUMED:   with label q6
PLUMED:   Steinhardt parameter of central atom and those within 0.05.  Using cubic switching function with parameters d0=0.3 dmax=0.35
PLUMED:   Bibliography [3]
PLUMED:   keyword SPECIES takes atoms : 1 4 7 10 13 16 19 22 25 28 31 34 37 40 43 46 49 52 55 58 61 64 67 70 73 76 79 82 85 88 91 94 97 100 103 106 109 112 115 118 121 124 127 130 133 136 139 142 145 148 151 154 157 160 163 166 169 172 175 178 181 184 187 190 193 196 199 202 205 208 211 214 217 220 223 226 229 232 235 238 241 244 247 250 253 256 259 262 265 268 271 274 277 280 283 286 289 292 295 298 301 304 307 310 313 316 319 322 325 328 331 334 337 340 343 346 349 352 355 358 361 364 367 370 373 376 379 382 385 388 391 394 397 400 403 406 409 412 415 418 421 424 427 430 433 436 439 442 445 448 451 454 457 460 463 466 469 472 475 478 481 484 487 490 493 496 499 502 505 508 511 514 517 520 523 526 529 532 535 538 541 544 547 550 553 556 559 562 565 568 571 574 577 580 583 586 589 592 595 598 601 604 607 610 613 616 619 622 625 628 631 634 637 640 643 646 649 652 655 658 661 664 667 670 673 676 679 682 685 688 691 694 697 700 703 706 709 712 715 718 721 724 727 730 733 736 739 742 745 748 751 754 757 760 763 766 769 772 775 778 781 784 787 790 793 796 799 802 805 808 811 814 817 820 823 826 829 832 835 838 841 844 847 850 853 856 859 862 
PLUMED:   added component to this action:  q6.vmean 
PLUMED:   value q6.vmean is obtained by taking the 1th component and finding the norm of the mean vector
PLUMED: Action PRINT
PLUMED:   with label @1
PLUMED:   with stride 500
PLUMED:   with arguments q6.vmean
PLUMED:   on file COLVAR
PLUMED:   with format  %f
PLUMED: END FILE: plumed.dat
PLUMED: Timestep: 0.000500
PLUMED: KbT has not been set by the MD engine
PLUMED: It should be set by hand where needed
PLUMED: Relevant bibliography:
PLUMED:   [1] The PLUMED consortium, Nat. Methods 16, 670 (2019)
PLUMED:   [2] Tribello, Bonomi, Branduardi, Camilloni, and Bussi, Comput. Phys. Commun. 185, 604 (2014)
PLUMED:   [3] Tribello, Giberti, Sosso, Salvalaglio and Parrinello, J. Chem. Theory Comput. 13, 1317 (2017)
PLUMED: Please read and cite where appropriate!
PLUMED: Finished setup
